Client1 has connected.
Client1: heyClient1: how are youClient1: who is thisClient1 has connected.
Client1: hey
Client1: hello
Client2 has connected.
Client2: wassup
Client1 has connected.
Client2 has connected.
Client1: ds
Client1: 
Client2: sdwddede
Client2: 
Client2: 
Client2: 
Client1: sdeweerfer4
Client1: bye
Client1: adios
User1 has connected.
User2 has connected.
User1: GET / HTTP/1.1
Host: localhost:5050
Connection: keep-alive
Cache-Control: max-age=0
sec-ch-ua: "Google Chrome";v="113", "Chromium";v="113", "Not-A.Brand";v="24"
sec-ch-ua-mobile: ?0
sec-ch-ua-platform: "macOS"
Upgrade-Insecure-Requests: 1
User-Agent: Mozilla/5.0 (Macintosh; Intel Mac OS X 10_15_7) AppleWebKit/537.36 (KHTML, like Gecko) Chrome/113.0.0.0 Safari/537.36
Accept: text/html,application/xhtml+xml,application/xml;q=0.9,image/avif,image/webp,image/apng,*/*;q=0.8,application/signed-exchange;v=b3;q=0.7
Sec-Fetch-Site: none
Sec-Fetch-Mode: navigate
Sec-Fetch-User: ?1
Sec-Fetch-Dest: document
Accept-Encoding: gzip, deflate, br
Accept-Language: en,es;q=0.9
If-None-Match: W/"111-LvC70iE+faiR06jJ7yn9569ubA8"

User1 just disconnected.
User2 has connected.
User2: GET / HTTP/1.1
Host: localhost:5050
Connection: keep-alive
Cache-Control: max-age=0
sec-ch-ua: "Google Chrome";v="113", "Chromium";v="113", "Not-A.Brand";v="24"
sec-ch-ua-mobile: ?0
sec-ch-ua-platform: "macOS"
Upgrade-Insecure-Requests: 1
User-Agent: Mozilla/5.0 (Macintosh; Intel Mac OS X 10_15_7) AppleWebKit/537.36 (KHTML, like Gecko) Chrome/113.0.0.0 Safari/537.36
Accept: text/html,application/xhtml+xml,application/xml;q=0.9,image/avif,image/webp,image/apng,*/*;q=0.8,application/signed-exchange;v=b3;q=0.7
Sec-Fetch-Site: none
Sec-Fetch-Mode: navigate
Sec-Fetch-User: ?1
Sec-Fetch-Dest: document
Accept-Encoding: gzip, deflate, br
Accept-Language: en,es;q=0.9
If-None-Match: W/"111-LvC70iE+faiR06jJ7yn9569ubA8"

User2 just disconnected.
User2: GET / HTTP/1.1
Host: localhost:5050
Connection: keep-alive
Cache-Control: max-age=0
sec-ch-ua: "Google Chrome";v="113", "Chromium";v="113", "Not-A.Brand";v="24"
sec-ch-ua-mobile: ?0
sec-ch-ua-platform: "macOS"
Upgrade-Insecure-Requests: 1
User-Agent: Mozilla/5.0 (Macintosh; Intel Mac OS X 10_15_7) AppleWebKit/537.36 (KHTML, like Gecko) Chrome/113.0.0.0 Safari/537.36
Accept: text/html,application/xhtml+xml,application/xml;q=0.9,image/avif,image/webp,image/apng,*/*;q=0.8,application/signed-exchange;v=b3;q=0.7
Sec-Fetch-Site: none
Sec-Fetch-Mode: navigate
Sec-Fetch-User: ?1
Sec-Fetch-Dest: document
Accept-Encoding: gzip, deflate, br
Accept-Language: en,es;q=0.9
If-None-Match: W/"111-LvC70iE+faiR06jJ7yn9569ubA8"

User2 just disconnected.
User1 has connected.
User2 has connected.
User1 has connected.
User2 has connected.
User1: GET / HTTP/1.1
Host: localhost:5050
Connection: keep-alive
Cache-Control: max-age=0
sec-ch-ua: "Google Chrome";v="113", "Chromium";v="113", "Not-A.Brand";v="24"
sec-ch-ua-mobile: ?0
sec-ch-ua-platform: "macOS"
Upgrade-Insecure-Requests: 1
User-Agent: Mozilla/5.0 (Macintosh; Intel Mac OS X 10_15_7) AppleWebKit/537.36 (KHTML, like Gecko) Chrome/113.0.0.0 Safari/537.36
Accept: text/html,application/xhtml+xml,application/xml;q=0.9,image/avif,image/webp,image/apng,*/*;q=0.8,application/signed-exchange;v=b3;q=0.7
Sec-Fetch-Site: none
Sec-Fetch-Mode: navigate
Sec-Fetch-User: ?1
Sec-Fetch-Dest: document
Accept-Encoding: gzip, deflate, br
Accept-Language: en,es;q=0.9
If-None-Match: W/"111-LvC70iE+faiR06jJ7yn9569ubA8"

User1 just disconnected.
User2: GET / HTTP/1.1
Host: localhost:5050
Connection: keep-alive
Cache-Control: max-age=0
sec-ch-ua: "Google Chrome";v="113", "Chromium";v="113", "Not-A.Brand";v="24"
sec-ch-ua-mobile: ?0
sec-ch-ua-platform: "macOS"
Upgrade-Insecure-Requests: 1
User-Agent: Mozilla/5.0 (Macintosh; Intel Mac OS X 10_15_7) AppleWebKit/537.36 (KHTML, like Gecko) Chrome/113.0.0.0 Safari/537.36
Accept: text/html,application/xhtml+xml,application/xml;q=0.9,image/avif,image/webp,image/apng,*/*;q=0.8,application/signed-exchange;v=b3;q=0.7
Sec-Fetch-Site: none
Sec-Fetch-Mode: navigate
Sec-Fetch-User: ?1
Sec-Fetch-Dest: document
Accept-Encoding: gzip, deflate, br
Accept-Language: en,es;q=0.9
If-None-Match: W/"111-LvC70iE+faiR06jJ7yn9569ubA8"

User2 just disconnected.
User1 has connected.
User1: GET / HTTP/1.1
Host: localhost:5050
Connection: keep-alive
Cache-Control: max-age=0
sec-ch-ua: "Google Chrome";v="113", "Chromium";v="113", "Not-A.Brand";v="24"
sec-ch-ua-mobile: ?0
sec-ch-ua-platform: "macOS"
Upgrade-Insecure-Requests: 1
User-Agent: Mozilla/5.0 (Macintosh; Intel Mac OS X 10_15_7) AppleWebKit/537.36 (KHTML, like Gecko) Chrome/113.0.0.0 Safari/537.36
Accept: text/html,application/xhtml+xml,application/xml;q=0.9,image/avif,image/webp,image/apng,*/*;q=0.8,application/signed-exchange;v=b3;q=0.7
Sec-Fetch-Site: none
Sec-Fetch-Mode: navigate
Sec-Fetch-User: ?1
Sec-Fetch-Dest: document
Accept-Encoding: gzip, deflate, br
Accept-Language: en,es;q=0.9
If-None-Match: W/"111-LvC70iE+faiR06jJ7yn9569ubA8"

User2 has connected.
User1 has connected.
User1: hey
User1: hello
User2 has connected.
User2: holaaa
User1: hola user2
User2: como te llamas
User1: soy pancho
User2: hola yo soy pam
User3 has connected.
User3: atchung!
User2: salud!
User2: jajajaja
